\BOOKMARK [1][-]{section.1}{Introduction}{}% 1
\BOOKMARK [1][-]{section.2}{Realized Multivariate GARCH model}{}% 2
\BOOKMARK [2][-]{subsection.2.1}{Definitions and Notations}{section.2}% 3
\BOOKMARK [2][-]{subsection.2.2}{Parameterization}{section.2}% 4
\BOOKMARK [3][-]{subsubsection.2.2.1}{GARCH Equation}{subsection.2.2}% 5
\BOOKMARK [3][-]{subsubsection.2.2.2}{Measurement equation}{subsection.2.2}% 6
\BOOKMARK [2][-]{subsection.2.3}{Covariance targeting}{section.2}% 7
\BOOKMARK [2][-]{subsection.2.4}{The realized kernel}{section.2}% 8
\BOOKMARK [1][-]{section.3}{Adaptive LASSO}{}% 9
\BOOKMARK [2][-]{subsection.3.1}{Definition and Notation}{section.3}% 10
\BOOKMARK [2][-]{subsection.3.2}{Selective Criterion}{section.3}% 11
\BOOKMARK [1][-]{section.4}{Estimation and Inference}{}% 12
\BOOKMARK [2][-]{subsection.4.1}{Estimation for MGARCH Equation}{section.4}% 13
\BOOKMARK [2][-]{subsection.4.2}{Estimation of the Multivariate Measurement Equation}{section.4}% 14
\BOOKMARK [1][-]{section.5}{Empirical illustration}{}% 15
\BOOKMARK [2][-]{subsection.5.1}{Realized Volatility Description}{section.5}% 16
\BOOKMARK [2][-]{subsection.5.2}{Daily Log-Return Description}{section.5}% 17
\BOOKMARK [2][-]{subsection.5.3}{Estimation Result for realized GARCH model}{section.5}% 18
\BOOKMARK [2][-]{subsection.5.4}{Adaptive lasso under different selective criterion}{section.5}% 19
\BOOKMARK [2][-]{subsection.5.5}{Estimation Result of Measurement equation}{section.5}% 20
\BOOKMARK [1][-]{section.6}{Conclusion}{}% 21
